{"id":"192.168.1.10.tm157197196133000001","wasCommitted":true,"participants":[{"uri":"192.168.1.10.tm1","state":"COMMITTING","expires":1571971971391,"resourceName":"masterDataSource"}]}
{"id":"192.168.1.10.tm157197196133000001","wasCommitted":true,"participants":[{"uri":"192.168.1.10.tm1","state":"TERMINATED","expires":1571971971396,"resourceName":"masterDataSource"}]}
{"id":"192.168.1.10.tm157197196132900002","wasCommitted":true,"participants":[{"uri":"192.168.1.10.tm2","state":"COMMITTING","expires":1571971971402,"resourceName":"masterDataSource"}]}
{"id":"192.168.1.10.tm157197196132900002","wasCommitted":true,"participants":[{"uri":"192.168.1.10.tm2","state":"TERMINATED","expires":1571971971403,"resourceName":"masterDataSource"}]}
{"id":"192.168.1.10.tm157197208053200003","wasCommitted":true,"participants":[{"uri":"192.168.1.10.tm3","state":"COMMITTING","expires":1571972090506,"resourceName":"rainbowDataSource"}]}
{"id":"192.168.1.10.tm157197208053200003","wasCommitted":true,"participants":[{"uri":"192.168.1.10.tm3","state":"TERMINATED","expires":1571972090519,"resourceName":"rainbowDataSource"}]}
{"id":"192.168.1.10.tm157197208053200004","wasCommitted":true,"participants":[{"uri":"192.168.1.10.tm4","state":"COMMITTING","expires":1571972090576,"resourceName":"rainbowDataSource"}]}
{"id":"192.168.1.10.tm157197208053200004","wasCommitted":true,"participants":[{"uri":"192.168.1.10.tm4","state":"TERMINATED","expires":1571972090587,"resourceName":"rainbowDataSource"}]}
{"id":"192.168.1.10.tm157197208059800007","wasCommitted":true,"participants":[{"uri":"192.168.1.10.tm5","state":"COMMITTING","expires":1571972090520,"resourceName":"rainbowDataSource"}]}
{"id":"192.168.1.10.tm157197208059800007","wasCommitted":true,"participants":[{"uri":"192.168.1.10.tm5","state":"TERMINATED","expires":1571972090833,"resourceName":"rainbowDataSource"}]}
{"id":"192.168.1.10.tm157197208059800008","wasCommitted":true,"participants":[{"uri":"192.168.1.10.tm6","state":"COMMITTING","expires":1571972090566,"resourceName":"rainbowDataSource"}]}
{"id":"192.168.1.10.tm157197208059800008","wasCommitted":true,"participants":[{"uri":"192.168.1.10.tm6","state":"TERMINATED","expires":1571972090879,"resourceName":"rainbowDataSource"}]}
{"id":"192.168.1.10.tm157197208058800005","wasCommitted":true,"participants":[{"uri":"192.168.1.10.tm7","state":"COMMITTING","expires":1571972090525,"resourceName":"rainbowDataSource"}]}
{"id":"192.168.1.10.tm157197208058800005","wasCommitted":true,"participants":[{"uri":"192.168.1.10.tm7","state":"TERMINATED","expires":1571972095336,"resourceName":"rainbowDataSource"}]}
{"id":"192.168.1.10.tm157197208059300006","wasCommitted":true,"participants":[{"uri":"192.168.1.10.tm8","state":"COMMITTING","expires":1571972090569,"resourceName":"rainbowDataSource"}]}
{"id":"192.168.1.10.tm157197208059300006","wasCommitted":true,"participants":[{"uri":"192.168.1.10.tm8","state":"TERMINATED","expires":1571972095382,"resourceName":"rainbowDataSource"}]}
{"id":"192.168.1.10.tm157197231784500009","wasCommitted":true,"participants":[{"uri":"192.168.1.10.tm9","state":"COMMITTING","expires":1571972327780,"resourceName":"rainbowDataSource"}]}
{"id":"192.168.1.10.tm157197231784500009","wasCommitted":true,"participants":[{"uri":"192.168.1.10.tm9","state":"TERMINATED","expires":1571972327792,"resourceName":"rainbowDataSource"}]}
{"id":"192.168.1.10.tm157197231784800010","wasCommitted":true,"participants":[{"uri":"192.168.1.10.tm10","state":"COMMITTING","expires":1571972327844,"resourceName":"rainbowDataSource"}]}
{"id":"192.168.1.10.tm157197231784800010","wasCommitted":true,"participants":[{"uri":"192.168.1.10.tm10","state":"TERMINATED","expires":1571972327856,"resourceName":"rainbowDataSource"}]}
{"id":"192.168.1.10.tm157197231786400011","wasCommitted":true,"participants":[{"uri":"192.168.1.10.tm11","state":"COMMITTING","expires":1571972327890,"resourceName":"rainbowDataSource"}]}
{"id":"192.168.1.10.tm157197231786400011","wasCommitted":true,"participants":[{"uri":"192.168.1.10.tm11","state":"TERMINATED","expires":1571972327901,"resourceName":"rainbowDataSource"}]}
{"id":"192.168.1.10.tm157197231814700012","wasCommitted":true,"participants":[{"uri":"192.168.1.10.tm12","state":"COMMITTING","expires":1571972328077,"resourceName":"rainbowDataSource"}]}
{"id":"192.168.1.10.tm157197231814700012","wasCommitted":true,"participants":[{"uri":"192.168.1.10.tm12","state":"TERMINATED","expires":1571972328088,"resourceName":"rainbowDataSource"}]}
{"id":"192.168.1.10.tm157197231814700013","wasCommitted":true,"participants":[{"uri":"192.168.1.10.tm13","state":"COMMITTING","expires":1571972328180,"resourceName":"rainbowDataSource"}]}
{"id":"192.168.1.10.tm157197231814700013","wasCommitted":true,"participants":[{"uri":"192.168.1.10.tm13","state":"TERMINATED","expires":1571972328342,"resourceName":"rainbowDataSource"}]}
{"id":"192.168.1.10.tm157197231814800014","wasCommitted":true,"participants":[{"uri":"192.168.1.10.tm14","state":"COMMITTING","expires":1571972328087,"resourceName":"rainbowDataSource"}]}
{"id":"192.168.1.10.tm157197231814800014","wasCommitted":true,"participants":[{"uri":"192.168.1.10.tm14","state":"TERMINATED","expires":1571972333413,"resourceName":"rainbowDataSource"}]}
{"id":"192.168.1.10.tm157197232738300015","wasCommitted":true,"participants":[{"uri":"192.168.1.10.tm15","state":"COMMITTING","expires":1571972337319,"resourceName":"rainbowDataSource"}]}
{"id":"192.168.1.10.tm157197232738300015","wasCommitted":true,"participants":[{"uri":"192.168.1.10.tm15","state":"TERMINATED","expires":1571972337332,"resourceName":"rainbowDataSource"}]}
{"id":"192.168.1.10.tm157197232742500016","wasCommitted":true,"participants":[{"uri":"192.168.1.10.tm16","state":"COMMITTING","expires":1571972337367,"resourceName":"rainbowDataSource"}]}
{"id":"192.168.1.10.tm157197232742500016","wasCommitted":true,"participants":[{"uri":"192.168.1.10.tm16","state":"TERMINATED","expires":1571972337378,"resourceName":"rainbowDataSource"}]}
{"id":"192.168.1.10.tm157197232768400018","wasCommitted":true,"participants":[{"uri":"192.168.1.10.tm17","state":"COMMITTING","expires":1571972337617,"resourceName":"rainbowDataSource"}]}
{"id":"192.168.1.10.tm157197232768400018","wasCommitted":true,"participants":[{"uri":"192.168.1.10.tm17","state":"TERMINATED","expires":1571972337630,"resourceName":"rainbowDataSource"}]}
{"id":"192.168.1.10.tm157197232768300017","wasCommitted":true,"participants":[{"uri":"192.168.1.10.tm18","state":"COMMITTING","expires":1571972337670,"resourceName":"rainbowDataSource"}]}
{"id":"192.168.1.10.tm157197232768300017","wasCommitted":true,"participants":[{"uri":"192.168.1.10.tm18","state":"TERMINATED","expires":1571972337682,"resourceName":"rainbowDataSource"}]}
{"id":"192.168.1.10.tm157197232768400019","wasCommitted":true,"participants":[{"uri":"192.168.1.10.tm19","state":"COMMITTING","expires":1571972337620,"resourceName":"rainbowDataSource"}]}
{"id":"192.168.1.10.tm157197232768400019","wasCommitted":true,"participants":[{"uri":"192.168.1.10.tm19","state":"TERMINATED","expires":1571972337933,"resourceName":"rainbowDataSource"}]}
{"id":"192.168.1.10.tm157197234787900020","wasCommitted":true,"participants":[{"uri":"192.168.1.10.tm20","state":"COMMITTING","expires":1571972357795,"resourceName":"rainbowDataSource"}]}
{"id":"192.168.1.10.tm157197234787900020","wasCommitted":true,"participants":[{"uri":"192.168.1.10.tm20","state":"TERMINATED","expires":1571972358108,"resourceName":"rainbowDataSource"}]}
{"id":"192.168.1.10.tm157197234819900021","wasCommitted":true,"participants":[{"uri":"192.168.1.10.tm21","state":"COMMITTING","expires":1571972358151,"resourceName":"rainbowDataSource"}]}
{"id":"192.168.1.10.tm157197234819900021","wasCommitted":true,"participants":[{"uri":"192.168.1.10.tm21","state":"TERMINATED","expires":1571972358162,"resourceName":"rainbowDataSource"}]}
{"id":"192.168.1.10.tm157197234820000022","wasCommitted":true,"participants":[{"uri":"192.168.1.10.tm22","state":"COMMITTING","expires":1571972358195,"resourceName":"rainbowDataSource"}]}
{"id":"192.168.1.10.tm157197234820000022","wasCommitted":true,"participants":[{"uri":"192.168.1.10.tm22","state":"TERMINATED","expires":1571972358207,"resourceName":"rainbowDataSource"}]}
{"id":"192.168.1.10.tm157197234820900023","wasCommitted":true,"participants":[{"uri":"192.168.1.10.tm23","state":"COMMITTING","expires":1571972358154,"resourceName":"rainbowDataSource"}]}
{"id":"192.168.1.10.tm157197234820900023","wasCommitted":true,"participants":[{"uri":"192.168.1.10.tm23","state":"TERMINATED","expires":1571972365064,"resourceName":"rainbowDataSource"}]}
{"id":"192.168.1.10.tm157197234821000024","wasCommitted":true,"participants":[{"uri":"192.168.1.10.tm24","state":"COMMITTING","expires":1571972358195,"resourceName":"rainbowDataSource"}]}
{"id":"192.168.1.10.tm157197234821000024","wasCommitted":true,"participants":[{"uri":"192.168.1.10.tm24","state":"TERMINATED","expires":1571972365108,"resourceName":"rainbowDataSource"}]}
{"id":"192.168.1.10.tm157197235895000025","wasCommitted":true,"participants":[{"uri":"192.168.1.10.tm25","state":"COMMITTING","expires":1571972368889,"resourceName":"rainbowDataSource"}]}
{"id":"192.168.1.10.tm157197235895000025","wasCommitted":true,"participants":[{"uri":"192.168.1.10.tm25","state":"TERMINATED","expires":1571972368902,"resourceName":"rainbowDataSource"}]}
{"id":"192.168.1.10.tm157197235895600026","wasCommitted":true,"participants":[{"uri":"192.168.1.10.tm26","state":"COMMITTING","expires":1571972368933,"resourceName":"rainbowDataSource"}]}
{"id":"192.168.1.10.tm157197235895600026","wasCommitted":true,"participants":[{"uri":"192.168.1.10.tm26","state":"TERMINATED","expires":1571972368946,"resourceName":"rainbowDataSource"}]}
{"id":"192.168.1.10.tm157197235895900028","wasCommitted":true,"participants":[{"uri":"192.168.1.10.tm27","state":"COMMITTING","expires":1571972368887,"resourceName":"rainbowDataSource"}]}
{"id":"192.168.1.10.tm157197235895900028","wasCommitted":true,"participants":[{"uri":"192.168.1.10.tm27","state":"TERMINATED","expires":1571972369198,"resourceName":"rainbowDataSource"}]}
{"id":"192.168.1.10.tm157197235895800027","wasCommitted":true,"participants":[{"uri":"192.168.1.10.tm28","state":"COMMITTING","expires":1571972368869,"resourceName":"rainbowDataSource"}]}
{"id":"192.168.1.10.tm157197235895800027","wasCommitted":true,"participants":[{"uri":"192.168.1.10.tm28","state":"TERMINATED","expires":1571972373681,"resourceName":"rainbowDataSource"}]}
{"id":"192.168.1.10.tm157197235896300029","wasCommitted":true,"participants":[{"uri":"192.168.1.10.tm29","state":"COMMITTING","expires":1571972368912,"resourceName":"rainbowDataSource"}]}
{"id":"192.168.1.10.tm157197235896300029","wasCommitted":true,"participants":[{"uri":"192.168.1.10.tm29","state":"TERMINATED","expires":1571972373725,"resourceName":"rainbowDataSource"}]}
{"id":"192.168.1.10.tm157197235897400030","wasCommitted":true,"participants":[{"uri":"192.168.1.10.tm30","state":"COMMITTING","expires":1571972368956,"resourceName":"rainbowDataSource"}]}
{"id":"192.168.1.10.tm157197235897400030","wasCommitted":true,"participants":[{"uri":"192.168.1.10.tm30","state":"TERMINATED","expires":1571972373769,"resourceName":"rainbowDataSource"}]}
{"id":"192.168.1.10.tm157197238194700031","wasCommitted":true,"participants":[{"uri":"192.168.1.10.tm31","state":"COMMITTING","expires":1571972391993,"resourceName":"rainbowDataSource"}]}
{"id":"192.168.1.10.tm157197238194700031","wasCommitted":true,"participants":[{"uri":"192.168.1.10.tm31","state":"TERMINATED","expires":1571972396356,"resourceName":"rainbowDataSource"}]}
{"id":"192.168.1.10.tm157197272266800032","wasCommitted":true,"participants":[{"uri":"192.168.1.10.tm32","state":"COMMITTING","expires":1571972732658,"resourceName":"rainbowDataSource"}]}
{"id":"192.168.1.10.tm157197272266800032","wasCommitted":true,"participants":[{"uri":"192.168.1.10.tm32","state":"TERMINATED","expires":1571972732821,"resourceName":"rainbowDataSource"}]}
{"id":"192.168.1.10.tm157197272266900033","wasCommitted":true,"participants":[{"uri":"192.168.1.10.tm33","state":"COMMITTING","expires":1571972732713,"resourceName":"rainbowDataSource"}]}
{"id":"192.168.1.10.tm157197272266900033","wasCommitted":true,"participants":[{"uri":"192.168.1.10.tm33","state":"TERMINATED","expires":1571972732876,"resourceName":"rainbowDataSource"}]}
{"id":"192.168.1.10.tm157197272267800034","wasCommitted":true,"participants":[{"uri":"192.168.1.10.tm34","state":"COMMITTING","expires":1571972732614,"resourceName":"rainbowDataSource"}]}
{"id":"192.168.1.10.tm157197272267800034","wasCommitted":true,"participants":[{"uri":"192.168.1.10.tm34","state":"TERMINATED","expires":1571972739527,"resourceName":"rainbowDataSource"}]}
{"id":"192.168.1.10.tm157197272268500035","wasCommitted":true,"participants":[{"uri":"192.168.1.10.tm35","state":"COMMITTING","expires":1571972732662,"resourceName":"rainbowDataSource"}]}
{"id":"192.168.1.10.tm157197272268500035","wasCommitted":true,"participants":[{"uri":"192.168.1.10.tm35","state":"TERMINATED","expires":1571972739575,"resourceName":"rainbowDataSource"}]}
{"id":"192.168.1.10.tm157197272268900036","wasCommitted":true,"participants":[{"uri":"192.168.1.10.tm36","state":"COMMITTING","expires":1571972732704,"resourceName":"rainbowDataSource"}]}
{"id":"192.168.1.10.tm157197272268900036","wasCommitted":true,"participants":[{"uri":"192.168.1.10.tm36","state":"TERMINATED","expires":1571972739617,"resourceName":"rainbowDataSource"}]}
{"id":"192.168.1.10.tm157197277908200037","wasCommitted":true,"participants":[{"uri":"192.168.1.10.tm37","state":"COMMITTING","expires":1571972789017,"resourceName":"rainbowDataSource"}]}
{"id":"192.168.1.10.tm157197277908200037","wasCommitted":true,"participants":[{"uri":"192.168.1.10.tm37","state":"TERMINATED","expires":1571972789030,"resourceName":"rainbowDataSource"}]}
{"id":"192.168.1.10.tm157197277910000038","wasCommitted":true,"participants":[{"uri":"192.168.1.10.tm38","state":"COMMITTING","expires":1571972789063,"resourceName":"rainbowDataSource"}]}
{"id":"192.168.1.10.tm157197277910000038","wasCommitted":true,"participants":[{"uri":"192.168.1.10.tm38","state":"TERMINATED","expires":1571972789076,"resourceName":"rainbowDataSource"}]}
{"id":"192.168.1.10.tm157197277938000039","wasCommitted":true,"participants":[{"uri":"192.168.1.10.tm39","state":"COMMITTING","expires":1571972789324,"resourceName":"rainbowDataSource"}]}
{"id":"192.168.1.10.tm157197277938000039","wasCommitted":true,"participants":[{"uri":"192.168.1.10.tm39","state":"TERMINATED","expires":1571972789337,"resourceName":"rainbowDataSource"}]}
{"id":"192.168.1.10.tm157197277938800040","wasCommitted":true,"participants":[{"uri":"192.168.1.10.tm40","state":"COMMITTING","expires":1571972789421,"resourceName":"rainbowDataSource"}]}
{"id":"192.168.1.10.tm157197277938800040","wasCommitted":true,"participants":[{"uri":"192.168.1.10.tm40","state":"TERMINATED","expires":1571972789584,"resourceName":"rainbowDataSource"}]}
{"id":"192.168.1.10.tm157197277939100041","wasCommitted":true,"participants":[{"uri":"192.168.1.10.tm41","state":"COMMITTING","expires":1571972789314,"resourceName":"rainbowDataSource"}]}
{"id":"192.168.1.10.tm157197277939100041","wasCommitted":true,"participants":[{"uri":"192.168.1.10.tm41","state":"TERMINATED","expires":1571972789627,"resourceName":"rainbowDataSource"}]}
{"id":"192.168.1.10.tm157197277939400042","wasCommitted":false,"participants":[{"uri":"192.168.1.10.tm42","state":"TERMINATED","expires":1571972800693,"resourceName":"rainbowDataSource"}]}
{"id":"192.168.1.10.tm157197281557000043","wasCommitted":true,"participants":[{"uri":"192.168.1.10.tm43","state":"COMMITTING","expires":1571972825503,"resourceName":"rainbowDataSource"}]}
{"id":"192.168.1.10.tm157197281557000043","wasCommitted":true,"participants":[{"uri":"192.168.1.10.tm43","state":"TERMINATED","expires":1571972825516,"resourceName":"rainbowDataSource"}]}
{"id":"192.168.1.10.tm157197281558400044","wasCommitted":true,"participants":[{"uri":"192.168.1.10.tm44","state":"COMMITTING","expires":1571972825550,"resourceName":"rainbowDataSource"}]}
{"id":"192.168.1.10.tm157197281558400044","wasCommitted":true,"participants":[{"uri":"192.168.1.10.tm44","state":"TERMINATED","expires":1571972825563,"resourceName":"rainbowDataSource"}]}
{"id":"192.168.1.10.tm157197281586000045","wasCommitted":true,"participants":[{"uri":"192.168.1.10.tm45","state":"COMMITTING","expires":1571972825805,"resourceName":"rainbowDataSource"}]}
{"id":"192.168.1.10.tm157197281586000045","wasCommitted":true,"participants":[{"uri":"192.168.1.10.tm45","state":"TERMINATED","expires":1571972825818,"resourceName":"rainbowDataSource"}]}
{"id":"192.168.1.10.tm157197281586300046","wasCommitted":true,"participants":[{"uri":"192.168.1.10.tm46","state":"COMMITTING","expires":1571972825849,"resourceName":"rainbowDataSource"}]}
{"id":"192.168.1.10.tm157197281586300046","wasCommitted":true,"participants":[{"uri":"192.168.1.10.tm46","state":"TERMINATED","expires":1571972825860,"resourceName":"rainbowDataSource"}]}
{"id":"192.168.1.10.tm157197281586400047","wasCommitted":false,"participants":[{"uri":"192.168.1.10.tm47","state":"TERMINATED","expires":1571972837669,"resourceName":"rainbowDataSource"}]}
{"id":"192.168.1.10.tm157197282566200048","wasCommitted":true,"participants":[{"uri":"192.168.1.10.tm48","state":"COMMITTING","expires":1571972835599,"resourceName":"rainbowDataSource"}]}
{"id":"192.168.1.10.tm157197282566200048","wasCommitted":true,"participants":[{"uri":"192.168.1.10.tm48","state":"TERMINATED","expires":1571972837712,"resourceName":"rainbowDataSource"}]}
{"id":"192.168.1.10.tm157197282566500049","wasCommitted":true,"participants":[{"uri":"192.168.1.10.tm49","state":"COMMITTING","expires":1571972835641,"resourceName":"rainbowDataSource"}]}
{"id":"192.168.1.10.tm157197282566500049","wasCommitted":true,"participants":[{"uri":"192.168.1.10.tm49","state":"TERMINATED","expires":1571972837754,"resourceName":"rainbowDataSource"}]}
{"id":"192.168.1.10.tm157197282567300050","wasCommitted":true,"participants":[{"uri":"192.168.1.10.tm50","state":"COMMITTING","expires":1571972835688,"resourceName":"rainbowDataSource"}]}
{"id":"192.168.1.10.tm157197282567300050","wasCommitted":true,"participants":[{"uri":"192.168.1.10.tm50","state":"TERMINATED","expires":1571972837800,"resourceName":"rainbowDataSource"}]}
{"id":"192.168.1.10.tm157197282568000051","wasCommitted":true,"participants":[{"uri":"192.168.1.10.tm51","state":"COMMITTING","expires":1571972835586,"resourceName":"rainbowDataSource"}]}
{"id":"192.168.1.10.tm157197282568000051","wasCommitted":true,"participants":[{"uri":"192.168.1.10.tm51","state":"TERMINATED","expires":1571972837846,"resourceName":"rainbowDataSource"}]}
{"id":"192.168.1.10.tm157197282586900052","wasCommitted":true,"participants":[{"uri":"192.168.1.10.tm52","state":"COMMITTING","expires":1571972835812,"resourceName":"rainbowDataSource"}]}
{"id":"192.168.1.10.tm157197282586900052","wasCommitted":true,"participants":[{"uri":"192.168.1.10.tm52","state":"TERMINATED","expires":1571972842424,"resourceName":"rainbowDataSource"}]}
{"id":"192.168.1.10.tm157197282743300053","wasCommitted":true,"participants":[{"uri":"192.168.1.10.tm53","state":"COMMITTING","expires":1571972837413,"resourceName":"rainbowDataSource"}]}
{"id":"192.168.1.10.tm157197282743300053","wasCommitted":true,"participants":[{"uri":"192.168.1.10.tm53","state":"TERMINATED","expires":1571972842675,"resourceName":"rainbowDataSource"}]}
{"id":"192.168.1.10.tm157197283521600054","wasCommitted":true,"participants":[{"uri":"192.168.1.10.tm54","state":"COMMITTING","expires":1571972845147,"resourceName":"rainbowDataSource"}]}
{"id":"192.168.1.10.tm157197283521600054","wasCommitted":true,"participants":[{"uri":"192.168.1.10.tm54","state":"TERMINATED","expires":1571972845158,"resourceName":"rainbowDataSource"}]}
{"id":"192.168.1.10.tm157197283522000055","wasCommitted":true,"participants":[{"uri":"192.168.1.10.tm55","state":"COMMITTING","expires":1571972845194,"resourceName":"rainbowDataSource"}]}
{"id":"192.168.1.10.tm157197283522000055","wasCommitted":true,"participants":[{"uri":"192.168.1.10.tm55","state":"TERMINATED","expires":1571972845207,"resourceName":"rainbowDataSource"}]}
{"id":"192.168.1.10.tm157197283522900057","wasCommitted":true,"participants":[{"uri":"192.168.1.10.tm56","state":"COMMITTING","expires":1571972845147,"resourceName":"rainbowDataSource"}]}
{"id":"192.168.1.10.tm157197283522900057","wasCommitted":true,"participants":[{"uri":"192.168.1.10.tm56","state":"TERMINATED","expires":1571972845460,"resourceName":"rainbowDataSource"}]}
{"id":"192.168.1.10.tm157197283522600056","wasCommitted":true,"participants":[{"uri":"192.168.1.10.tm57","state":"COMMITTING","expires":1571972845193,"resourceName":"rainbowDataSource"}]}
{"id":"192.168.1.10.tm157197283522600056","wasCommitted":true,"participants":[{"uri":"192.168.1.10.tm57","state":"TERMINATED","expires":1571972845506,"resourceName":"rainbowDataSource"}]}
{"id":"192.168.1.10.tm157197283524300058","wasCommitted":true,"participants":[{"uri":"192.168.1.10.tm58","state":"COMMITTING","expires":1571972845185,"resourceName":"rainbowDataSource"}]}
{"id":"192.168.1.10.tm157197283524300058","wasCommitted":true,"participants":[{"uri":"192.168.1.10.tm58","state":"TERMINATED","expires":1571972852098,"resourceName":"rainbowDataSource"}]}
{"id":"192.168.1.10.tm157197289966200059","wasCommitted":true,"participants":[{"uri":"192.168.1.10.tm59","state":"COMMITTING","expires":1571972909580,"resourceName":"masterDataSource"}]}
{"id":"192.168.1.10.tm157197289966200059","wasCommitted":true,"participants":[{"uri":"192.168.1.10.tm59","state":"TERMINATED","expires":1571972909581,"resourceName":"masterDataSource"}]}
{"id":"192.168.1.10.tm157197289968100060","wasCommitted":true,"participants":[{"uri":"192.168.1.10.tm60","state":"COMMITTING","expires":1571972909597,"resourceName":"masterDataSource"}]}
{"id":"192.168.1.10.tm157197289968100060","wasCommitted":true,"participants":[{"uri":"192.168.1.10.tm60","state":"TERMINATED","expires":1571972909598,"resourceName":"masterDataSource"}]}
{"id":"192.168.1.10.tm157197289982000061","wasCommitted":true,"participants":[{"uri":"192.168.1.10.tm61","state":"COMMITTING","expires":1571972909727,"resourceName":"masterDataSource"}]}
{"id":"192.168.1.10.tm157197289982000061","wasCommitted":true,"participants":[{"uri":"192.168.1.10.tm61","state":"TERMINATED","expires":1571972909728,"resourceName":"masterDataSource"}]}
{"id":"192.168.1.10.tm157197290099000062","wasCommitted":true,"participants":[{"uri":"192.168.1.10.tm62","state":"COMMITTING","expires":1571972910895,"resourceName":"masterDataSource"}]}
{"id":"192.168.1.10.tm157197290099000062","wasCommitted":true,"participants":[{"uri":"192.168.1.10.tm62","state":"TERMINATED","expires":1571972910896,"resourceName":"masterDataSource"}]}
{"id":"192.168.1.10.tm157197290099600063","wasCommitted":true,"participants":[{"uri":"192.168.1.10.tm63","state":"COMMITTING","expires":1571972910899,"resourceName":"masterDataSource"}]}
{"id":"192.168.1.10.tm157197290099600063","wasCommitted":true,"participants":[{"uri":"192.168.1.10.tm63","state":"TERMINATED","expires":1571972910899,"resourceName":"masterDataSource"}]}
{"id":"192.168.1.10.tm157197290129400064","wasCommitted":true,"participants":[{"uri":"192.168.1.10.tm64","state":"COMMITTING","expires":1571972911198,"resourceName":"masterDataSource"}]}
{"id":"192.168.1.10.tm157197290129400064","wasCommitted":true,"participants":[{"uri":"192.168.1.10.tm64","state":"TERMINATED","expires":1571972911199,"resourceName":"masterDataSource"}]}
{"id":"192.168.1.10.tm157197290643900065","wasCommitted":true,"participants":[{"uri":"192.168.1.10.tm65","state":"COMMITTING","expires":1571972916342,"resourceName":"masterDataSource"}]}
{"id":"192.168.1.10.tm157197290643900065","wasCommitted":true,"participants":[{"uri":"192.168.1.10.tm65","state":"TERMINATED","expires":1571972916343,"resourceName":"masterDataSource"}]}
{"id":"192.168.1.10.tm157197290644300066","wasCommitted":true,"participants":[{"uri":"192.168.1.10.tm66","state":"COMMITTING","expires":1571972916345,"resourceName":"masterDataSource"}]}
{"id":"192.168.1.10.tm157197290644300066","wasCommitted":true,"participants":[{"uri":"192.168.1.10.tm66","state":"TERMINATED","expires":1571972916346,"resourceName":"masterDataSource"}]}
{"id":"192.168.1.10.tm157197293122800067","wasCommitted":true,"participants":[{"uri":"192.168.1.10.tm67","state":"COMMITTING","expires":1571972941159,"resourceName":"rainbowDataSource"}]}
{"id":"192.168.1.10.tm157197293122800067","wasCommitted":true,"participants":[{"uri":"192.168.1.10.tm67","state":"TERMINATED","expires":1571972941172,"resourceName":"rainbowDataSource"}]}
{"id":"192.168.1.10.tm157197293123100068","wasCommitted":true,"participants":[{"uri":"192.168.1.10.tm68","state":"COMMITTING","expires":1571972941219,"resourceName":"rainbowDataSource"}]}
{"id":"192.168.1.10.tm157197293123100068","wasCommitted":true,"participants":[{"uri":"192.168.1.10.tm68","state":"TERMINATED","expires":1571972941232,"resourceName":"rainbowDataSource"}]}
{"id":"192.168.1.10.tm157197293123300069","wasCommitted":true,"participants":[{"uri":"192.168.1.10.tm69","state":"COMMITTING","expires":1571972941266,"resourceName":"rainbowDataSource"}]}
{"id":"192.168.1.10.tm157197293123300069","wasCommitted":true,"participants":[{"uri":"192.168.1.10.tm69","state":"TERMINATED","expires":1571972941279,"resourceName":"rainbowDataSource"}]}
{"id":"192.168.1.10.tm157197293124100070","wasCommitted":true,"participants":[{"uri":"192.168.1.10.tm70","state":"COMMITTING","expires":1571972941232,"resourceName":"rainbowDataSource"}]}
{"id":"192.168.1.10.tm157197293124100070","wasCommitted":true,"participants":[{"uri":"192.168.1.10.tm70","state":"TERMINATED","expires":1571972941545,"resourceName":"rainbowDataSource"}]}
{"id":"192.168.1.10.tm157197293124300071","wasCommitted":false,"participants":[{"uri":"192.168.1.10.tm71","state":"TERMINATED","expires":1571972952793,"resourceName":"rainbowDataSource"}]}
{"id":"192.168.1.10.tm157197293124800072","wasCommitted":false,"participants":[{"uri":"192.168.1.10.tm72","state":"TERMINATED","expires":1571972952851,"resourceName":"rainbowDataSource"}]}
