2019-12-02 16:01:41.013  INFO 12108 --- [main] c.i.controller.sys.UserControllerTest    : No active profile set, falling back to default profiles: default
2019-12-02 16:01:42.469  WARN 12108 --- [main] o.m.s.mapper.ClassPathMapperScanner      : Skipping MapperFactoryBean with name 'articleCommentDao' and 'com.interest.dao.master.ArticleCommentDao' mapperInterface. Bean already defined with the same name!
2019-12-02 16:01:42.470  WARN 12108 --- [main] o.m.s.mapper.ClassPathMapperScanner      : Skipping MapperFactoryBean with name 'articleDao' and 'com.interest.dao.master.ArticleDao' mapperInterface. Bean already defined with the same name!
2019-12-02 16:01:42.471  WARN 12108 --- [main] o.m.s.mapper.ClassPathMapperScanner      : Skipping MapperFactoryBean with name 'emailDao' and 'com.interest.dao.master.EmailDao' mapperInterface. Bean already defined with the same name!
2019-12-02 16:01:42.471  WARN 12108 --- [main] o.m.s.mapper.ClassPathMapperScanner      : Skipping MapperFactoryBean with name 'interestDao' and 'com.interest.dao.master.InterestDao' mapperInterface. Bean already defined with the same name!
2019-12-02 16:01:42.472  WARN 12108 --- [main] o.m.s.mapper.ClassPathMapperScanner      : Skipping MapperFactoryBean with name 'menuDao' and 'com.interest.dao.master.MenuDao' mapperInterface. Bean already defined with the same name!
2019-12-02 16:01:42.472  WARN 12108 --- [main] o.m.s.mapper.ClassPathMapperScanner      : Skipping MapperFactoryBean with name 'msgRecordsDao' and 'com.interest.dao.master.MsgRecordsDao' mapperInterface. Bean already defined with the same name!
2019-12-02 16:01:42.472  WARN 12108 --- [main] o.m.s.mapper.ClassPathMapperScanner      : Skipping MapperFactoryBean with name 'postCardDao' and 'com.interest.dao.master.PostCardDao' mapperInterface. Bean already defined with the same name!
2019-12-02 16:01:42.472  WARN 12108 --- [main] o.m.s.mapper.ClassPathMapperScanner      : Skipping MapperFactoryBean with name 'relationDao' and 'com.interest.dao.master.RelationDao' mapperInterface. Bean already defined with the same name!
2019-12-02 16:01:42.473  WARN 12108 --- [main] o.m.s.mapper.ClassPathMapperScanner      : Skipping MapperFactoryBean with name 'replyCardDao' and 'com.interest.dao.master.ReplyCardDao' mapperInterface. Bean already defined with the same name!
2019-12-02 16:01:42.474  WARN 12108 --- [main] o.m.s.mapper.ClassPathMapperScanner      : Skipping MapperFactoryBean with name 'roleDao' and 'com.interest.dao.master.RoleDao' mapperInterface. Bean already defined with the same name!
2019-12-02 16:01:42.474  WARN 12108 --- [main] o.m.s.mapper.ClassPathMapperScanner      : Skipping MapperFactoryBean with name 'userDao' and 'com.interest.dao.master.UserDao' mapperInterface. Bean already defined with the same name!
2019-12-02 16:01:42.474  WARN 12108 --- [main] o.m.s.mapper.ClassPathMapperScanner      : Skipping MapperFactoryBean with name 'userDetailDao' and 'com.interest.dao.master.UserDetailDao' mapperInterface. Bean already defined with the same name!
2019-12-02 16:01:42.475  WARN 12108 --- [main] o.m.s.mapper.ClassPathMapperScanner      : Skipping MapperFactoryBean with name 'userGithubDao' and 'com.interest.dao.master.UserGithubDao' mapperInterface. Bean already defined with the same name!
2019-12-02 16:01:42.475  WARN 12108 --- [main] o.m.s.mapper.ClassPathMapperScanner      : Skipping MapperFactoryBean with name 'userQQDao' and 'com.interest.dao.master.UserQQDao' mapperInterface. Bean already defined with the same name!
2019-12-02 16:01:42.475  WARN 12108 --- [main] o.m.s.mapper.ClassPathMapperScanner      : Skipping MapperFactoryBean with name 'rainbowDjqdatjDao' and 'com.interest.dao.rainbow.RainbowDjqdatjDao' mapperInterface. Bean already defined with the same name!
2019-12-02 16:01:42.475  WARN 12108 --- [main] o.m.s.mapper.ClassPathMapperScanner      : Skipping MapperFactoryBean with name 'rainbowKcqktjDao' and 'com.interest.dao.rainbow.RainbowKcqktjDao' mapperInterface. Bean already defined with the same name!
2019-12-02 16:01:42.476  WARN 12108 --- [main] o.m.s.mapper.ClassPathMapperScanner      : Skipping MapperFactoryBean with name 'rainbowParamDao' and 'com.interest.dao.rainbow.RainbowParamDao' mapperInterface. Bean already defined with the same name!
2019-12-02 16:01:42.476  WARN 12108 --- [main] o.m.s.mapper.ClassPathMapperScanner      : Skipping MapperFactoryBean with name 'rainbowRbbxhDao' and 'com.interest.dao.rainbow.RainbowRbbxhDao' mapperInterface. Bean already defined with the same name!
2019-12-02 16:01:42.476  WARN 12108 --- [main] o.m.s.mapper.ClassPathMapperScanner      : Skipping MapperFactoryBean with name 'rainbowRxstjDao' and 'com.interest.dao.rainbow.RainbowRxstjDao' mapperInterface. Bean already defined with the same name!
2019-12-02 16:01:42.476  WARN 12108 --- [main] o.m.s.mapper.ClassPathMapperScanner      : Skipping MapperFactoryBean with name 'rainbowSrtjDao' and 'com.interest.dao.rainbow.RainbowSrtjDao' mapperInterface. Bean already defined with the same name!
2019-12-02 16:01:42.477  WARN 12108 --- [main] o.m.s.mapper.ClassPathMapperScanner      : Skipping MapperFactoryBean with name 'rainbowYjzbDao' and 'com.interest.dao.rainbow.RainbowYjzbDao' mapperInterface. Bean already defined with the same name!
2019-12-02 16:01:43.227  INFO 12108 --- [main] .s.d.r.c.RepositoryConfigurationDelegate : Multiple Spring Data modules found, entering strict repository configuration mode!
2019-12-02 16:01:43.232  INFO 12108 --- [main] .s.d.r.c.RepositoryConfigurationDelegate : Bootstrapping Spring Data repositories in DEFAULT mode.
2019-12-02 16:01:43.343  INFO 12108 --- [main] .s.d.r.c.RepositoryConfigurationDelegate : Finished Spring Data repository scanning in 84ms. Found 0 repository interfaces.
2019-12-02 16:01:44.063  INFO 12108 --- [main] o.s.cloud.context.scope.GenericScope     : BeanFactory id=a42bbd4b-79fa-3cc0-8418-4e0c11cfba26
2019-12-02 16:01:44.403  INFO 12108 --- [main] trationDelegate$BeanPostProcessorChecker : Bean 'org.springframework.transaction.annotation.ProxyTransactionManagementConfiguration' of type [org.springframework.transaction.annotation.ProxyTransactionManagementConfiguration$$EnhancerBySpringCGLIB$$25b972c0] is not eligible for getting processed by all BeanPostProcessors (for example: not eligible for auto-proxying)
2019-12-02 16:01:44.781  INFO 12108 --- [main] trationDelegate$BeanPostProcessorChecker : Bean 'org.springframework.cloud.autoconfigure.ConfigurationPropertiesRebinderAutoConfiguration' of type [org.springframework.cloud.autoconfigure.ConfigurationPropertiesRebinderAutoConfiguration$$EnhancerBySpringCGLIB$$41d375bd] is not eligible for getting processed by all BeanPostProcessors (for example: not eligible for auto-proxying)
2019-12-02 16:01:45.653  WARN 12108 --- [main] c.atomikos.jdbc.AbstractDataSourceBean   : AtomikosDataSoureBean 'masterDataSource': poolSize equals default - this may cause performance problems!
2019-12-02 16:01:46.891  INFO 12108 --- [main] o.s.s.concurrent.ThreadPoolTaskExecutor  : Initializing ExecutorService 'threadPoolTaskExecutor'
2019-12-02 16:01:46.967  WARN 12108 --- [main] c.atomikos.jdbc.AbstractDataSourceBean   : AtomikosDataSoureBean 'rainbowDataSource': poolSize equals default - this may cause performance problems!
2019-12-02 16:01:48.425  WARN 12108 --- [main] o.s.s.o.p.t.s.JwtAccessTokenConverter    : Unable to create an RSA verifier from verifierKey (ignoreable if using MAC)
2019-12-02 16:01:50.373  INFO 12108 --- [main] o.s.b.a.e.web.EndpointLinksResolver      : Exposing 2 endpoint(s) beneath base path '/actuator'
2019-12-02 16:01:50.824  INFO 12108 --- [main] pertySourcedRequestMappingHandlerMapping : Mapped URL path [/v2/api-docs] onto method [public org.springframework.http.ResponseEntity<springfox.documentation.spring.web.json.Json> springfox.documentation.swagger2.web.Swagger2Controller.getDocumentation(java.lang.String,javax.servlet.http.HttpServletRequest)]
2019-12-02 16:01:51.925  INFO 12108 --- [main] o.s.s.web.DefaultSecurityFilterChain     : Creating filter chain: OrRequestMatcher [requestMatchers=[Ant [pattern='/oauth/token'], Ant [pattern='/oauth/token_key'], Ant [pattern='/oauth/check_token']]], [org.springframework.security.web.context.request.async.WebAsyncManagerIntegrationFilter@102ecb61, org.springframework.security.web.context.SecurityContextPersistenceFilter@813ab53, org.springframework.security.web.header.HeaderWriterFilter@1325f967, org.springframework.security.web.authentication.logout.LogoutFilter@4189e668, org.springframework.security.web.authentication.www.BasicAuthenticationFilter@215a329c, org.springframework.security.web.savedrequest.RequestCacheAwareFilter@62c47480, org.springframework.security.web.servletapi.SecurityContextHolderAwareRequestFilter@3c6b300a, org.springframework.security.web.authentication.AnonymousAuthenticationFilter@1fd0ae78, org.springframework.security.web.session.SessionManagementFilter@1ab85862, org.springframework.security.web.access.ExceptionTranslationFilter@2b6ee447, org.springframework.security.web.access.intercept.FilterSecurityInterceptor@352e4b6d]
2019-12-02 16:01:51.955  INFO 12108 --- [main] o.s.s.web.DefaultSecurityFilterChain     : Creating filter chain: org.springframework.security.oauth2.config.annotation.web.configuration.ResourceServerConfiguration$NotOAuthRequestMatcher@6b278b17, [org.springframework.security.web.context.request.async.WebAsyncManagerIntegrationFilter@2ae5580, org.springframework.security.web.context.SecurityContextPersistenceFilter@1700d089, org.springframework.security.web.header.HeaderWriterFilter@6ca367aa, org.springframework.web.filter.CorsFilter@1e3566e, org.springframework.security.web.authentication.logout.LogoutFilter@2a21cbe7, org.springframework.security.oauth2.provider.authentication.OAuth2AuthenticationProcessingFilter@180f33b2, org.springframework.security.web.savedrequest.RequestCacheAwareFilter@77e6053, org.springframework.security.web.servletapi.SecurityContextHolderAwareRequestFilter@7097d921, org.springframework.security.web.authentication.AnonymousAuthenticationFilter@4203529f, org.springframework.security.web.session.SessionManagementFilter@30ed4034, org.springframework.security.web.access.ExceptionTranslationFilter@7b8d6c66, org.springframework.security.web.access.intercept.FilterSecurityInterceptor@470f0637]
2019-12-02 16:01:51.997  INFO 12108 --- [main] o.s.s.web.DefaultSecurityFilterChain     : Creating filter chain: any request, [org.springframework.security.web.context.request.async.WebAsyncManagerIntegrationFilter@4d770bcd, org.springframework.security.web.context.SecurityContextPersistenceFilter@323b0632, org.springframework.security.web.header.HeaderWriterFilter@51172948, org.springframework.security.web.authentication.logout.LogoutFilter@1e9d721, org.springframework.security.web.authentication.UsernamePasswordAuthenticationFilter@5cba890e, org.springframework.security.web.authentication.ui.DefaultLoginPageGeneratingFilter@2a20da9f, org.springframework.security.web.authentication.ui.DefaultLogoutPageGeneratingFilter@fe156f4, org.springframework.security.web.savedrequest.RequestCacheAwareFilter@7cd8831c, org.springframework.security.web.servletapi.SecurityContextHolderAwareRequestFilter@146db8a6, org.springframework.security.web.authentication.AnonymousAuthenticationFilter@79b4cff, org.springframework.security.web.session.SessionManagementFilter@6f2a3b37, org.springframework.security.web.access.ExceptionTranslationFilter@361f1647, org.springframework.security.web.access.intercept.FilterSecurityInterceptor@4790b897]
2019-12-02 16:01:53.484  INFO 12108 --- [main] c.a.icatch.provider.imp.AssemblerImp     : Loaded jar:file:/C:/Users/SunTH/.m2/repository/com/atomikos/transactions/4.0.6/transactions-4.0.6.jar!/transactions-defaults.properties
2019-12-02 16:01:53.491  WARN 12108 --- [main] c.a.icatch.provider.imp.AssemblerImp     : Thanks for using Atomikos! Evaluate http://www.atomikos.com/Main/ExtremeTransactions for advanced features and professional support
or register at http://www.atomikos.com/Main/RegisterYourDownload to disable this message and receive FREE tips & advice
2019-12-02 16:01:53.502  INFO 12108 --- [main] c.a.icatch.provider.imp.AssemblerImp     : USING: com.atomikos.icatch.default_max_wait_time_on_shutdown = 9223372036854775807
2019-12-02 16:01:53.503  INFO 12108 --- [main] c.a.icatch.provider.imp.AssemblerImp     : USING: com.atomikos.icatch.allow_subtransactions = true
2019-12-02 16:01:53.503  INFO 12108 --- [main] c.a.icatch.provider.imp.AssemblerImp     : USING: com.atomikos.icatch.recovery_delay = 10000
2019-12-02 16:01:53.503  INFO 12108 --- [main] c.a.icatch.provider.imp.AssemblerImp     : USING: com.atomikos.icatch.automatic_resource_registration = true
2019-12-02 16:01:53.503  INFO 12108 --- [main] c.a.icatch.provider.imp.AssemblerImp     : USING: com.atomikos.icatch.oltp_max_retries = 5
2019-12-02 16:01:53.504  INFO 12108 --- [main] c.a.icatch.provider.imp.AssemblerImp     : USING: com.atomikos.icatch.client_demarcation = false
2019-12-02 16:01:53.504  INFO 12108 --- [main] c.a.icatch.provider.imp.AssemblerImp     : USING: com.atomikos.icatch.threaded_2pc = false
2019-12-02 16:01:53.504  INFO 12108 --- [main] c.a.icatch.provider.imp.AssemblerImp     : USING: com.atomikos.icatch.serial_jta_transactions = true
2019-12-02 16:01:53.504  INFO 12108 --- [main] c.a.icatch.provider.imp.AssemblerImp     : USING: com.atomikos.icatch.log_base_dir = E:\workspace\javaEE\interest\interest-server\transaction-logs
2019-12-02 16:01:53.504  INFO 12108 --- [main] c.a.icatch.provider.imp.AssemblerImp     : USING: com.atomikos.icatch.rmi_export_class = none
2019-12-02 16:01:53.504  INFO 12108 --- [main] c.a.icatch.provider.imp.AssemblerImp     : USING: com.atomikos.icatch.max_actives = 50
2019-12-02 16:01:53.505  INFO 12108 --- [main] c.a.icatch.provider.imp.AssemblerImp     : USING: com.atomikos.icatch.checkpoint_interval = 500
2019-12-02 16:01:53.505  INFO 12108 --- [main] c.a.icatch.provider.imp.AssemblerImp     : USING: com.atomikos.icatch.enable_logging = true
2019-12-02 16:01:53.505  INFO 12108 --- [main] c.a.icatch.provider.imp.AssemblerImp     : USING: com.atomikos.icatch.log_base_name = tmlog
2019-12-02 16:01:53.505  INFO 12108 --- [main] c.a.icatch.provider.imp.AssemblerImp     : USING: com.atomikos.icatch.max_timeout = 300000
2019-12-02 16:01:53.505  INFO 12108 --- [main] c.a.icatch.provider.imp.AssemblerImp     : USING: com.atomikos.icatch.trust_client_tm = false
2019-12-02 16:01:53.505  INFO 12108 --- [main] c.a.icatch.provider.imp.AssemblerImp     : USING: java.naming.factory.initial = com.sun.jndi.rmi.registry.RegistryContextFactory
2019-12-02 16:01:53.506  INFO 12108 --- [main] c.a.icatch.provider.imp.AssemblerImp     : USING: com.atomikos.icatch.tm_unique_name = 192.168.3.22.tm
2019-12-02 16:01:53.506  INFO 12108 --- [main] c.a.icatch.provider.imp.AssemblerImp     : USING: com.atomikos.icatch.forget_orphaned_log_entries_delay = 86400000
2019-12-02 16:01:53.506  INFO 12108 --- [main] c.a.icatch.provider.imp.AssemblerImp     : USING: com.atomikos.icatch.oltp_retry_interval = 10000
2019-12-02 16:01:53.506  INFO 12108 --- [main] c.a.icatch.provider.imp.AssemblerImp     : USING: java.naming.provider.url = rmi://localhost:1099
2019-12-02 16:01:53.506  INFO 12108 --- [main] c.a.icatch.provider.imp.AssemblerImp     : USING: com.atomikos.icatch.force_shutdown_on_vm_exit = false
2019-12-02 16:01:53.506  INFO 12108 --- [main] c.a.icatch.provider.imp.AssemblerImp     : USING: com.atomikos.icatch.default_jta_timeout = 10000
2019-12-02 16:01:53.508  INFO 12108 --- [main] c.a.icatch.provider.imp.AssemblerImp     : Using default (local) logging and recovery...
2019-12-02 16:01:53.624  INFO 12108 --- [main] c.a.d.xa.XATransactionalResource         : masterDataSource: refreshed XAResource
2019-12-02 16:01:53.728  INFO 12108 --- [main] c.a.d.xa.XATransactionalResource         : rainbowDataSource: refreshed XAResource
2019-12-02 16:01:54.630  INFO 12108 --- [main] o.s.s.c.ThreadPoolTaskScheduler          : Initializing ExecutorService 'taskScheduler'
2019-12-02 16:01:55.235  INFO 12108 --- [main] d.s.w.p.DocumentationPluginsBootstrapper : Context refreshed
2019-12-02 16:01:55.290  INFO 12108 --- [main] d.s.w.p.DocumentationPluginsBootstrapper : Found 1 custom documentation plugin(s)
2019-12-02 16:01:55.389  INFO 12108 --- [main] s.d.s.w.s.ApiListingReferenceScanner     : Scanning for api listing references
2019-12-02 16:01:55.669  INFO 12108 --- [main] .d.s.w.r.o.CachingOperationNameGenerator : Generating unique operation named: getArticleUsingGET_1
2019-12-02 16:01:55.765  INFO 12108 --- [main] .d.s.w.r.o.CachingOperationNameGenerator : Generating unique operation named: uploadPictureUsingPOST_1
2019-12-02 16:01:55.854  INFO 12108 --- [main] .d.s.w.r.o.CachingOperationNameGenerator : Generating unique operation named: insertEntityUsingPOST_1
2019-12-02 16:01:56.027  INFO 12108 --- [main] .d.s.w.r.o.CachingOperationNameGenerator : Generating unique operation named: insertEntityUsingPOST_2
2019-12-02 16:01:56.139  INFO 12108 --- [main] c.i.controller.sys.UserControllerTest    : Started UserControllerTest in 16.934 seconds (JVM running for 18.246)
2019-12-02 16:01:56.420  INFO 12108 --- [main] o.s.b.t.m.w.SpringBootMockServletContext : Initializing Spring TestDispatcherServlet ''
2019-12-02 16:01:56.420  INFO 12108 --- [main] o.s.t.web.servlet.TestDispatcherServlet  : Initializing Servlet ''
2019-12-02 16:01:56.450  INFO 12108 --- [main] o.s.t.web.servlet.TestDispatcherServlet  : Completed initialization in 30 ms
2019-12-02 16:01:56.679  INFO 12108 --- [main] c.i.a.handler.InterestLogAspect          : [com.interest.controller.sys.UserController|insertUser], request param: [UserEntity(id=0, loginName=sth, name=suntinghui, password=123456, usertype=0, email=tinghuisun@163.com, headimg=http://img4.imgtn.bdimg.com/it/u=1358126537,2470243223&fm=26&gp=0.jpg, url=http://www.baidu.com, createTime=1575273716452, githubid=null, qqid=null)]
2019-12-02 16:01:57.069  INFO 12108 --- [main] c.i.a.handler.InterestLogAspect          : [com.interest.controller.sys.UserController|insertUser], request param: [UserEntity(id=26, loginName=sth, name=suntinghui, password={bcrypt}$2a$10$jqUcPDpYm.zXa5Pd0mYSAuDZHxipy9zkT5zCA9zILXzpLcX0LC11m, usertype=0, email=tinghuisun@163.com, headimg=http://img4.imgtn.bdimg.com/it/u=1358126537,2470243223&fm=26&gp=0.jpg, url=http://www.baidu.com, createTime=1575273716452, githubid=null, qqid=null)], result : ResponseWrapper{status='2000', message='success', data=UserEntity(id=26, loginName=sth, name=suntinghui, password={bcrypt}$2a$10$jqUcPDpYm.zXa5Pd0mYSAuDZHxipy9zkT5zCA9zILXzpLcX0LC11m, usertype=0, email=tinghuisun@163.com, headimg=http://img4.imgtn.bdimg.com/it/u=1358126537,2470243223&fm=26&gp=0.jpg, url=http://www.baidu.com, createTime=1575273716452, githubid=null, qqid=null)}
2019-12-02 16:01:57.169  INFO 12108 --- [Thread-8] o.s.s.c.ThreadPoolTaskScheduler          : Shutting down ExecutorService 'taskScheduler'
2019-12-02 16:01:57.172  INFO 12108 --- [Thread-8] c.a.icatch.imp.TransactionServiceImp     : Transaction Service: Entering shutdown (false, 9223372036854775807)...
2019-12-02 16:01:57.192  INFO 12108 --- [Thread-8] c.a.datasource.pool.ConnectionPool       : atomikos connection pool 'rainbowDataSource': destroying pool...
2019-12-02 16:01:57.194  INFO 12108 --- [Thread-8] o.s.s.concurrent.ThreadPoolTaskExecutor  : Shutting down ExecutorService 'threadPoolTaskExecutor'
2019-12-02 16:01:57.198  INFO 12108 --- [Thread-8] c.a.datasource.pool.ConnectionPool       : atomikos connection pool 'masterDataSource': destroying pool...
